<?xml version="1.0" encoding="UTF-8"?>
<!-- Generated by org.testng.reporters.JUnitReportReporter -->
<testsuite hostname="LAPTOP-42VQGDGQ" failures="0" tests="6" name="com.tutorialsninja.qa.testcases.LoginFunctionalityTest" time="550.935" errors="0" timestamp="2023-02-08T20:07:31 IST" skipped="0">
  <testcase classname="com.tutorialsninja.qa.testcases.LoginFunctionalityTest" name="VerifyLoginWithValidCreadentials" time="130.543"/>
  <system-out/>
  <testcase classname="com.tutorialsninja.qa.testcases.LoginFunctionalityTest" name="verifyLoginWithInValidCreadentials" time="79.815"/>
  <system-out/>
  <testcase classname="com.tutorialsninja.qa.testcases.LoginFunctionalityTest" name="VerifyLoggingWithInValidEmailAndValidPassword" time="94.033"/>
  <system-out/>
  <testcase classname="com.tutorialsninja.qa.testcases.LoginFunctionalityTest" name="VerifyLoggingWithValidEmailAndInvalidPassword" time="85.401"/>
  <system-out/>
  <testcase classname="com.tutorialsninja.qa.testcases.LoginFunctionalityTest" name="VerifyLoggingWithoutCreadentials" time="79.975"/>
  <system-out/>
  <testcase classname="com.tutorialsninja.qa.testcases.LoginFunctionalityTest" name="VerifyForgetpasswordlinkisWorking" time="81.168"/>
  <system-out/>
</testsuite> <!-- com.tutorialsninja.qa.testcases.LoginFunctionalityTest -->
