<?xml version="1.0" encoding="UTF-8"?>
<!-- Generated by org.testng.reporters.JUnitReportReporter -->
<testsuite hostname="LAPTOP-42VQGDGQ" failures="0" tests="4" name="com.tutorialsninja.qa.testcases.RegisterfunctionalityTest" time="102.091" errors="0" timestamp="2023-02-11T22:29:46 IST" skipped="0">
  <testcase classname="com.tutorialsninja.qa.testcases.RegisterfunctionalityTest" name="VerifyRegisteringWithOnlyMandatoryFields" time="30.090"/>
  <system-out/>
  <testcase classname="com.tutorialsninja.qa.testcases.RegisterfunctionalityTest" name="VerifyRegisteringAccountwhenYESoptionselectedOnNewsletterfield" time="21.547"/>
  <system-out/>
  <testcase classname="com.tutorialsninja.qa.testcases.RegisterfunctionalityTest" name="VerifyRegisteringAccountwhenNOoptionselectedOnNewsletterfield" time="24.317"/>
  <system-out/>
  <testcase classname="com.tutorialsninja.qa.testcases.RegisterfunctionalityTest" name="VerifyRegisteringAccountEnteringdifferentpasswordsintoPasswordandPasswordConfirmfields" time="26.137"/>
  <system-out/>
</testsuite> <!-- com.tutorialsninja.qa.testcases.RegisterfunctionalityTest -->
