<?xml version="1.0" encoding="UTF-8"?>
<!-- Generated by org.testng.reporters.JUnitReportReporter -->
<testsuite hostname="LAPTOP-42VQGDGQ" failures="0" tests="6" name="com.tutorialsninja.qa.testcases.LoginFunctionalityTest" time="398.279" errors="0" timestamp="2023-02-11T22:29:46 IST" skipped="0">
  <testcase classname="com.tutorialsninja.qa.testcases.LoginFunctionalityTest" name="VerifyLoginWithValidCreadentials" time="111.883"/>
  <system-out/>
  <testcase classname="com.tutorialsninja.qa.testcases.LoginFunctionalityTest" name="verifyLoginWithInValidCreadentials" time="19.856"/>
  <system-out/>
  <testcase classname="com.tutorialsninja.qa.testcases.LoginFunctionalityTest" name="VerifyLoggingWithInValidEmailAndValidPassword" time="57.029"/>
  <system-out/>
  <testcase classname="com.tutorialsninja.qa.testcases.LoginFunctionalityTest" name="VerifyLoggingWithValidEmailAndInvalidPassword" time="119.131"/>
  <system-out/>
  <testcase classname="com.tutorialsninja.qa.testcases.LoginFunctionalityTest" name="VerifyLoggingWithoutCreadentials" time="72.627"/>
  <system-out/>
  <testcase classname="com.tutorialsninja.qa.testcases.LoginFunctionalityTest" name="VerifyForgetpasswordlinkisWorking" time="17.753"/>
  <system-out/>
</testsuite> <!-- com.tutorialsninja.qa.testcases.LoginFunctionalityTest -->
