<?xml version="1.0" encoding="UTF-8"?>
<!-- Generated by org.testng.reporters.JUnitReportReporter -->
<testsuite hostname="LAPTOP-42VQGDGQ" failures="0" tests="3" name="com.tutorialsninja.qa.testcases.SearchFunctionalityTest" time="100.634" errors="0" timestamp="2023-02-11T22:29:46 IST" skipped="0">
  <testcase classname="com.tutorialsninja.qa.testcases.SearchFunctionalityTest" name="VerifySearchingValidProduct" time="28.203"/>
  <system-out/>
  <testcase classname="com.tutorialsninja.qa.testcases.SearchFunctionalityTest" name="VerifySearchingWithInvalidProduct" time="36.102"/>
  <system-out/>
  <testcase classname="com.tutorialsninja.qa.testcases.SearchFunctionalityTest" name="VerifyWithOutProvidingProductInSearchFiled" time="36.329"/>
  <system-out/>
</testsuite> <!-- com.tutorialsninja.qa.testcases.SearchFunctionalityTest -->
