<?xml version="1.0" encoding="UTF-8"?>
<!-- Generated by org.testng.reporters.JUnitReportReporter -->
<testsuite hostname="LAPTOP-42VQGDGQ" failures="0" tests="3" name="com.tutorialsninja.qa.testcases.SearchFunctionalityTest" time="262.385" errors="0" timestamp="2023-02-08T19:19:49 IST" skipped="0">
  <testcase classname="com.tutorialsninja.qa.testcases.SearchFunctionalityTest" name="VerifySearchingValidProduct" time="55.797"/>
  <system-out/>
  <testcase classname="com.tutorialsninja.qa.testcases.SearchFunctionalityTest" name="VerifySearchingWithInvalidProduct" time="91.070"/>
  <system-out/>
  <testcase classname="com.tutorialsninja.qa.testcases.SearchFunctionalityTest" name="VerifyWithOutProvidingProductInSearchFiled" time="115.518"/>
  <system-out/>
</testsuite> <!-- com.tutorialsninja.qa.testcases.SearchFunctionalityTest -->
