<?xml version="1.0" encoding="UTF-8"?>
<!-- Generated by org.testng.reporters.JUnitReportReporter -->
<testsuite hostname="LAPTOP-42VQGDGQ" failures="0" tests="4" name="com.tutorialsninja.qa.testcases.RegisterfunctionalityTest" time="183.290" errors="0" timestamp="2023-02-20T15:02:06 IST" skipped="0">
  <testcase classname="com.tutorialsninja.qa.testcases.RegisterfunctionalityTest" name="VerifyRegisteringWithOnlyMandatoryFields" time="37.907"/>
  <system-out/>
  <testcase classname="com.tutorialsninja.qa.testcases.RegisterfunctionalityTest" name="VerifyRegisteringAccountwhenYESoptionselectedOnNewsletterfield" time="17.019"/>
  <system-out/>
  <testcase classname="com.tutorialsninja.qa.testcases.RegisterfunctionalityTest" name="VerifyRegisteringAccountwhenNOoptionselectedOnNewsletterfield" time="22.597"/>
  <system-out/>
  <testcase classname="com.tutorialsninja.qa.testcases.RegisterfunctionalityTest" name="VerifyRegisteringAccountEnteringdifferentpasswordsintoPasswordandPasswordConfirmfields" time="105.767"/>
  <system-out/>
</testsuite> <!-- com.tutorialsninja.qa.testcases.RegisterfunctionalityTest -->
