<?xml version="1.0" encoding="UTF-8"?>
<!-- Generated by org.testng.reporters.JUnitReportReporter -->
<testsuite hostname="LAPTOP-42VQGDGQ" failures="0" tests="3" name="com.tutorialsninja.qa.testcases.SearchFunctionalityTest" time="73.015" errors="0" timestamp="2023-02-20T15:02:06 IST" skipped="0">
  <testcase classname="com.tutorialsninja.qa.testcases.SearchFunctionalityTest" name="VerifySearchingValidProduct" time="26.586"/>
  <system-out/>
  <testcase classname="com.tutorialsninja.qa.testcases.SearchFunctionalityTest" name="VerifySearchingWithInvalidProduct" time="23.711"/>
  <system-out/>
  <testcase classname="com.tutorialsninja.qa.testcases.SearchFunctionalityTest" name="VerifyWithOutProvidingProductInSearchFiled" time="22.718"/>
  <system-out/>
</testsuite> <!-- com.tutorialsninja.qa.testcases.SearchFunctionalityTest -->
